<?xml version="1.0" encoding="UTF-8"?>
<testng-results ignored="0" total="3" passed="3" failed="0" skipped="0">
  <reporter-output>
  </reporter-output>
  <suite started-at="2025-10-29T17:22:20 IST" name="Suite" finished-at="2025-10-29T17:22:52 IST" duration-ms="32595">
    <groups>
      <group name="cucumber">
        <method signature="AbstractTestNGCucumberTests.runScenario(io.cucumber.testng.PickleWrapper,io.cucumber.testng.FeatureWrapper)[pri:0, instance:Com.Gmail.Users.TestCases.TestRunner@55b699ef]" name="runScenario" class="io.cucumber.testng.AbstractTestNGCucumberTests"/>
      </group> <!-- cucumber -->
    </groups>
    <test started-at="2025-10-29T17:22:20 IST" name="Cucumber Test" finished-at="2025-10-29T17:22:52 IST" duration-ms="32595">
      <class name="Com.Gmail.Users.TestCases.TestRunner">
        <test-method is-config="true" signature="setUpClass(org.testng.ITestContext)[pri:0, instance:Com.Gmail.Users.TestCases.TestRunner@55b699ef]" started-at="2025-10-29T17:22:20 IST" name="setUpClass" finished-at="2025-10-29T17:22:21 IST" duration-ms="1052" status="PASS">
          <params>
            <param index="0">
              <value>
                <![CDATA[org.testng.TestRunner@771a7d53]]>
              </value>
            </param>
          </params>
          <reporter-output>
          </reporter-output>
        </test-method> <!-- setUpClass -->
        <test-method signature="runScenario(io.cucumber.testng.PickleWrapper,io.cucumber.testng.FeatureWrapper)[pri:0, instance:Com.Gmail.Users.TestCases.TestRunner@55b699ef]" started-at="2025-10-29T17:22:21 IST" name="runScenario" description="Runs Cucumber Scenarios" data-provider="scenarios" finished-at="2025-10-29T17:22:32 IST" duration-ms="11267" status="PASS">
          <params>
            <param index="0">
              <value>
                <![CDATA["Data driven testing using Scenarion Outline"]]>
              </value>
            </param>
            <param index="1">
              <value>
                <![CDATA["Tour login"]]>
              </value>
            </param>
          </params>
          <reporter-output>
          </reporter-output>
        </test-method> <!-- runScenario -->
        <test-method signature="runScenario(io.cucumber.testng.PickleWrapper,io.cucumber.testng.FeatureWrapper)[pri:0, instance:Com.Gmail.Users.TestCases.TestRunner@55b699ef]" started-at="2025-10-29T17:22:32 IST" name="runScenario" description="Runs Cucumber Scenarios" data-provider="scenarios" finished-at="2025-10-29T17:22:42 IST" duration-ms="9983" status="PASS">
          <params>
            <param index="0">
              <value>
                <![CDATA["Data driven testing using Scenarion Outline"]]>
              </value>
            </param>
            <param index="1">
              <value>
                <![CDATA["Tour login"]]>
              </value>
            </param>
          </params>
          <reporter-output>
          </reporter-output>
        </test-method> <!-- runScenario -->
        <test-method signature="runScenario(io.cucumber.testng.PickleWrapper,io.cucumber.testng.FeatureWrapper)[pri:0, instance:Com.Gmail.Users.TestCases.TestRunner@55b699ef]" started-at="2025-10-29T17:22:42 IST" name="runScenario" description="Runs Cucumber Scenarios" data-provider="scenarios" finished-at="2025-10-29T17:22:52 IST" duration-ms="9787" status="PASS">
          <params>
            <param index="0">
              <value>
                <![CDATA["Data driven testing using Scenarion Outline"]]>
              </value>
            </param>
            <param index="1">
              <value>
                <![CDATA["Tour login"]]>
              </value>
            </param>
          </params>
          <reporter-output>
          </reporter-output>
        </test-method> <!-- runScenario -->
        <test-method is-config="true" signature="tearDownClass()[pri:0, instance:Com.Gmail.Users.TestCases.TestRunner@55b699ef]" started-at="2025-10-29T17:22:52 IST" name="tearDownClass" finished-at="2025-10-29T17:22:52 IST" duration-ms="447" status="PASS">
          <reporter-output>
          </reporter-output>
        </test-method> <!-- tearDownClass -->
      </class> <!-- Com.Gmail.Users.TestCases.TestRunner -->
    </test> <!-- Cucumber Test -->
  </suite> <!-- Suite -->
</testng-results>
